# JRE version: OpenJDK Runtime Environment Temurin-17.0.7+7 (17.0.7+7) (build 17.0.7+7)
# Java VM: OpenJDK 64-Bit Server VM Temurin-17.0.7+7 (17.0.7+7, mixed mode, emulated-client, tiered, compressed oops, compressed class ptrs, g1 gc, windows-amd64)
GC Precious Log:
 CPUs: 4 total, 4 available
 Memory: 3910M
 Large Page Support: Disabled
 NUMA Support: Disabled
 Compressed Oops: Enabled (32-bit)
 Heap Region Size: 1M
 Heap Min Capacity: 8M
 Heap Initial Capacity: 62M
 Heap Max Capacity: 978M
 Pre-touch: Disabled
 Parallel Workers: 4
 Concurrent Workers: 1
 Concurrent Refinement Workers: 4
 Periodic GC: Disabled
Heap:
 garbage-first heap   total 46080K, used 19672K [0x00000000c2e00000, 0x0000000100000000)
  region size 1024K, 4 young (4096K), 3 survivors (3072K)
 Metaspace       used 42338K, committed 42816K, reserved 1114112K
  class space    used 5347K, committed 5568K, reserved 1048576K
GC Heap History (20 events):
Event: 11.432 GC heap before
{Heap before GC invocations=3 (full 0):
 garbage-first heap   total 63488K, used 14199K [0x00000000c2e00000, 0x0000000100000000)
  region size 1024K, 10 young (10240K), 3 survivors (3072K)
 Metaspace       used 21263K, committed 21504K, reserved 1114112K
  class space    used 2472K, committed 2560K, reserved 1048576K
}
Event: 11.438 GC heap after
{Heap after GC invocations=4 (full 0):
 garbage-first heap   total 63488K, used 9375K [0x00000000c2e00000, 0x0000000100000000)
  region size 1024K, 3 young (3072K), 3 survivors (3072K)
 Metaspace       used 21263K, committed 21504K, reserved 1114112K
  class space    used 2472K, committed 2560K, reserved 1048576K
}
Event: 12.228 GC heap before
{Heap before GC invocations=5 (full 0):
 garbage-first heap   total 37888K, used 26783K [0x00000000c2e00000, 0x0000000100000000)
  region size 1024K, 22 young (22528K), 3 survivors (3072K)
 Metaspace       used 25820K, committed 26048K, reserved 1114112K
  class space    used 3029K, committed 3136K, reserved 1048576K
}
Event: 12.236 GC heap after
{Heap after GC invocations=6 (full 0):
 garbage-first heap   total 37888K, used 10534K [0x00000000c2e00000, 0x0000000100000000)
  region size 1024K, 4 young (4096K), 4 survivors (4096K)
 Metaspace       used 25820K, committed 26048K, reserved 1114112K
  class space    used 3029K, committed 3136K, reserved 1048576K
}
Event: 12.925 GC heap before
{Heap before GC invocations=6 (full 0):
 garbage-first heap   total 37888K, used 23846K [0x00000000c2e00000, 0x0000000100000000)
  region size 1024K, 18 young (18432K), 4 survivors (4096K)
 Metaspace       used 27604K, committed 27904K, reserved 1114112K
  class space    used 3293K, committed 3456K, reserved 1048576K
}
Event: 12.933 GC heap after
{Heap after GC invocations=7 (full 0):
 garbage-first heap   total 37888K, used 11960K [0x00000000c2e00000, 0x0000000100000000)
  region size 1024K, 3 young (3072K), 3 survivors (3072K)
 Metaspace       used 27604K, committed 27904K, reserved 1114112K
  class space    used 3293K, committed 3456K, reserved 1048576K
}
Event: 14.409 GC heap before
{Heap before GC invocations=7 (full 0):
 garbage-first heap   total 37888K, used 25272K [0x00000000c2e00000, 0x0000000100000000)
  region size 1024K, 16 young (16384K), 3 survivors (3072K)
 Metaspace       used 28268K, committed 28608K, reserved 1114112K
  class space    used 3405K, committed 3584K, reserved 1048576K
}
Event: 14.417 GC heap after
{Heap after GC invocations=8 (full 0):
 garbage-first heap   total 37888K, used 12800K [0x00000000c2e00000, 0x0000000100000000)
  region size 1024K, 2 young (2048K), 2 survivors (2048K)
 Metaspace       used 28268K, committed 28608K, reserved 1114112K
  class space    used 3405K, committed 3584K, reserved 1048576K
}
Event: 16.032 GC heap before
{Heap before GC invocations=8 (full 0):
 garbage-first heap   total 37888K, used 26112K [0x00000000c2e00000, 0x0000000100000000)
  region size 1024K, 15 young (15360K), 2 survivors (2048K)
 Metaspace       used 30165K, committed 30528K, reserved 1114112K
  class space    used 3679K, committed 3840K, reserved 1048576K
}
Event: 16.037 GC heap after
{Heap after GC invocations=9 (full 0):
 garbage-first heap   total 37888K, used 13361K [0x00000000c2e00000, 0x0000000100000000)
  region size 1024K, 2 young (2048K), 2 survivors (2048K)
 Metaspace       used 30165K, committed 30528K, reserved 1114112K
  class space    used 3679K, committed 3840K, reserved 1048576K
}
Event: 16.912 GC heap before
{Heap before GC invocations=9 (full 0):
 garbage-first heap   total 37888K, used 27697K [0x00000000c2e00000, 0x0000000100000000)
  region size 1024K, 16 young (16384K), 2 survivors (2048K)
 Metaspace       used 32134K, committed 32576K, reserved 1114112K
  class space    used 4005K, committed 4224K, reserved 1048576K
}
Event: 16.922 GC heap after
{Heap after GC invocations=10 (full 0):
 garbage-first heap   total 37888K, used 14484K [0x00000000c2e00000, 0x0000000100000000)
  region size 1024K, 2 young (2048K), 2 survivors (2048K)
 Metaspace       used 32134K, committed 32576K, reserved 1114112K
  class space    used 4005K, committed 4224K, reserved 1048576K
}
Event: 17.665 GC heap before
{Heap before GC invocations=10 (full 0):
 garbage-first heap   total 37888K, used 27796K [0x00000000c2e00000, 0x0000000100000000)
  region size 1024K, 15 young (15360K), 2 survivors (2048K)
 Metaspace       used 34141K, committed 34560K, reserved 1114112K
  class space    used 4343K, committed 4544K, reserved 1048576K
}
Event: 17.670 GC heap after
{Heap after GC invocations=11 (full 0):
 garbage-first heap   total 46080K, used 16024K [0x00000000c2e00000, 0x0000000100000000)
  region size 1024K, 2 young (2048K), 2 survivors (2048K)
 Metaspace       used 34141K, committed 34560K, reserved 1114112K
  class space    used 4343K, committed 4544K, reserved 1048576K
}
Event: 18.233 GC heap before
{Heap before GC invocations=11 (full 0):
 garbage-first heap   total 46080K, used 24216K [0x00000000c2e00000, 0x0000000100000000)
  region size 1024K, 12 young (12288K), 2 survivors (2048K)
 Metaspace       used 35546K, committed 35968K, reserved 1114112K
  class space    used 4495K, committed 4736K, reserved 1048576K
}
Event: 18.240 GC heap after
{Heap after GC invocations=12 (full 0):
 garbage-first heap   total 46080K, used 16948K [0x00000000c2e00000, 0x0000000100000000)
  region size 1024K, 3 young (3072K), 3 survivors (3072K)
 Metaspace       used 35546K, committed 35968K, reserved 1114112K
  class space    used 4495K, committed 4736K, reserved 1048576K
}
Event: 19.388 GC heap before
{Heap before GC invocations=13 (full 0):
 garbage-first heap   total 46080K, used 33332K [0x00000000c2e00000, 0x0000000100000000)
  region size 1024K, 19 young (19456K), 3 survivors (3072K)
 Metaspace       used 38022K, committed 38464K, reserved 1114112K
  class space    used 4826K, committed 4992K, reserved 1048576K
}
Event: 19.400 GC heap after
{Heap after GC invocations=14 (full 0):
 garbage-first heap   total 46080K, used 18463K [0x00000000c2e00000, 0x0000000100000000)
  region size 1024K, 3 young (3072K), 3 survivors (3072K)
 Metaspace       used 38022K, committed 38464K, reserved 1114112K
  class space    used 4826K, committed 4992K, reserved 1048576K
}
Event: 21.244 GC heap before
{Heap before GC invocations=14 (full 0):
 garbage-first heap   total 46080K, used 33823K [0x00000000c2e00000, 0x0000000100000000)
  region size 1024K, 19 young (19456K), 3 survivors (3072K)
 Metaspace       used 42258K, committed 42752K, reserved 1114112K
  class space    used 5331K, committed 5568K, reserved 1048576K
}
Event: 21.251 GC heap after
{Heap after GC invocations=15 (full 0):
 garbage-first heap   total 46080K, used 19672K [0x00000000c2e00000, 0x0000000100000000)
  region size 1024K, 3 young (3072K), 3 survivors (3072K)
 Metaspace       used 42258K, committed 42752K, reserved 1114112K
  class space    used 5331K, committed 5568K, reserved 1048576K
}

